{"/home/event/Desktop/Facultad/Taller2/SharedServer/Shared-Server/controllers/AuthController.js":{"path":"/home/event/Desktop/Facultad/Taller2/SharedServer/Shared-Server/controllers/AuthController.js","s":{"1":1,"2":1,"3":1,"4":1,"5":1,"6":1,"7":1,"8":0,"9":0,"10":0,"11":0,"12":0,"13":0,"14":0,"15":0,"16":0,"17":0},"b":{"1":[0,0]},"f":{"1":0},"fnMap":{"1":{"name":"login","line":9,"loc":{"start":{"line":9,"column":0},"end":{"line":9,"column":25}}}},"statementMap":{"1":{"start":{"line":1,"column":0},"end":{"line":1,"column":33}},"2":{"start":{"line":2,"column":0},"end":{"line":2,"column":40}},"3":{"start":{"line":4,"column":0},"end":{"line":4,"column":34}},"4":{"start":{"line":5,"column":0},"end":{"line":5,"column":33}},"5":{"start":{"line":6,"column":0},"end":{"line":6,"column":42}},"6":{"start":{"line":7,"column":0},"end":{"line":7,"column":47}},"7":{"start":{"line":9,"column":0},"end":{"line":27,"column":9}},"8":{"start":{"line":10,"column":2},"end":{"line":10,"column":68}},"9":{"start":{"line":11,"column":2},"end":{"line":26,"column":3}},"10":{"start":{"line":13,"column":6},"end":{"line":13,"column":38}},"11":{"start":{"line":14,"column":6},"end":{"line":14,"column":16}},"12":{"start":{"line":15,"column":6},"end":{"line":15,"column":83}},"13":{"start":{"line":16,"column":6},"end":{"line":18,"column":9}},"14":{"start":{"line":20,"column":6},"end":{"line":22,"column":9}},"15":{"start":{"line":24,"column":6},"end":{"line":24,"column":22}},"16":{"start":{"line":25,"column":6},"end":{"line":25,"column":29}},"17":{"start":{"line":29,"column":0},"end":{"line":31,"column":1}}},"branchMap":{"1":{"line":10,"type":"cond-expr","locations":[{"start":{"line":10,"column":34},"end":{"line":10,"column":45}},{"start":{"line":10,"column":48},"end":{"line":10,"column":67}}]}}},"/home/event/Desktop/Facultad/Taller2/SharedServer/Shared-Server/modules/config.js":{"path":"/home/event/Desktop/Facultad/Taller2/SharedServer/Shared-Server/modules/config.js","s":{"1":1},"b":{},"f":{},"fnMap":{},"statementMap":{"1":{"start":{"line":1,"column":0},"end":{"line":3,"column":2}}},"branchMap":{}},"/home/event/Desktop/Facultad/Taller2/SharedServer/Shared-Server/modules/databaseManager.js":{"path":"/home/event/Desktop/Facultad/Taller2/SharedServer/Shared-Server/modules/databaseManager.js","s":{"1":1,"2":1,"3":1,"4":1,"5":1,"6":0},"b":{},"f":{},"fnMap":{},"statementMap":{"1":{"start":{"line":1,"column":0},"end":{"line":1,"column":33}},"2":{"start":{"line":3,"column":0},"end":{"line":6,"column":2}},"3":{"start":{"line":8,"column":0},"end":{"line":8,"column":41}},"4":{"start":{"line":9,"column":0},"end":{"line":9,"column":48}},"5":{"start":{"line":10,"column":0},"end":{"line":10,"column":31}},"6":{"start":{"line":13,"column":0},"end":{"line":16,"column":2}}},"branchMap":{}}}