TN:
SF:/home/event/Desktop/Facultad/Taller2/SharedServer/Shared-Server/controllers/AuthController.js
FN:9,login
FNF:1
FNH:0
FNDA:0,login
DA:1,1
DA:2,1
DA:4,1
DA:5,1
DA:6,1
DA:7,1
DA:9,1
DA:10,0
DA:11,0
DA:13,0
DA:14,0
DA:15,0
DA:16,0
DA:20,0
DA:24,0
DA:25,0
DA:29,0
LF:17
LH:7
BRDA:10,1,0,0
BRDA:10,1,1,0
BRF:2
BRH:0
end_of_record
TN:
SF:/home/event/Desktop/Facultad/Taller2/SharedServer/Shared-Server/modules/config.js
FNF:0
FNH:0
DA:1,1
LF:1
LH:1
BRF:0
BRH:0
end_of_record
TN:
SF:/home/event/Desktop/Facultad/Taller2/SharedServer/Shared-Server/modules/databaseManager.js
FNF:0
FNH:0
DA:1,1
DA:3,1
DA:8,1
DA:9,1
DA:10,1
DA:13,0
LF:6
LH:5
BRF:0
BRH:0
end_of_record
